<?xml version="1.0" encoding="UTF-8" ?>
<testsuite errors="0" failures="5" hostname="Andreas-MacBook-Pro.local" name="it.polito.dp2.RNS.lab1.tests.RnsTests" skipped="0" tests="5" time="0.463" timestamp="2018-11-04T21:56:11">
  <properties>
    <property name="java.vendor" value="Oracle Corporation" />
    <property name="lib.dir" value="/Users/andrea/Desktop/Distributed II/Assignments/assignment1-dp2/lib" />
    <property name="sun.java.launcher" value="SUN_STANDARD" />
    <property name="sun.management.compiler" value="HotSpot 64-Bit Tiered Compilers" />
    <property name="os.name" value="Mac OS X" />
    <property name="generate-bindings.notRequired" value="true" />
    <property name="sun.boot.class.path" value="/Library/Java/JavaVirtualMachines/jdk1.8.0_121.jdk/Contents/Home/jre/lib/resources.jar:/Library/Java/JavaVirtualMachines/jdk1.8.0_121.jdk/Contents/Home/jre/lib/rt.jar:/Library/Java/JavaVirtualMachines/jdk1.8.0_121.jdk/Contents/Home/jre/lib/sunrsasign.jar:/Library/Java/JavaVirtualMachines/jdk1.8.0_121.jdk/Contents/Home/jre/lib/jsse.jar:/Library/Java/JavaVirtualMachines/jdk1.8.0_121.jdk/Contents/Home/jre/lib/jce.jar:/Library/Java/JavaVirtualMachines/jdk1.8.0_121.jdk/Contents/Home/jre/lib/charsets.jar:/Library/Java/JavaVirtualMachines/jdk1.8.0_121.jdk/Contents/Home/jre/lib/jfr.jar:/Library/Java/JavaVirtualMachines/jdk1.8.0_121.jdk/Contents/Home/jre/classes" />
    <property name="TODAY" value="November 4 2018" />
    <property name="user.country.format" value="IT" />
    <property name="java.vm.specification.vendor" value="Oracle Corporation" />
    <property name="ant.home" value="/Applications/IntelliJ IDEA.app/Contents/lib/ant" />
    <property name="java.runtime.version" value="1.8.0_121-b13" />
    <property name="lib.jar" value="lab1.jar" />
    <property name="gen.dir" value="/Users/andrea/Desktop/Distributed II/Assignments/assignment1-dp2/gen" />
    <property name="user.name" value="andrea" />
    <property name="output" value="/var/folders/2p/1rt6r29x0dd7cjssl3mlk6l00000gn/T/out1.xml" />
    <property name="debug" value="true" />
    <property name="build.dir" value="/Users/andrea/Desktop/Distributed II/Assignments/assignment1-dp2/build" />
    <property name="user.language" value="en" />
    <property name="validation_result" value="0" />
    <property name="sun.boot.library.path" value="/Library/Java/JavaVirtualMachines/jdk1.8.0_121.jdk/Contents/Home/jre/lib" />
    <property name="ant.project.default-target" value="build" />
    <property name="ant.project.name" value="RNS-1" />
    <property name="DSTAMP" value="20181104" />
    <property name="java.version" value="1.8.0_121" />
    <property name="user.timezone" value="" />
    <property name="sun.arch.data.model" value="64" />
    <property name="http.nonProxyHosts" value="local|*.local|169.254/16|*.169.254/16" />
    <property name="java.endorsed.dirs" value="/Library/Java/JavaVirtualMachines/jdk1.8.0_121.jdk/Contents/Home/jre/lib/endorsed" />
    <property name="sun.cpu.isalist" value="" />
    <property name="sun.jnu.encoding" value="UTF-8" />
    <property name="file.encoding.pkg" value="sun.io" />
    <property name="file.separator" value="/" />
    <property name="java.specification.name" value="Java Platform API Specification" />
    <property name="exit.code" value="126" />
    <property name="java.class.version" value="52.0" />
    <property name="it.polito.dp2.RNS.Random.seed" value="1225608" />
    <property name="user.country" value="US" />
    <property name="java.home" value="/Library/Java/JavaVirtualMachines/jdk1.8.0_121.jdk/Contents/Home/jre" />
    <property name="java.vm.info" value="mixed mode" />
    <property name="ant.file.type.RNS-1" value="file" />
    <property name="ant.file" value="/Users/andrea/Desktop/Distributed II/Assignments/assignment1-dp2/build.xml" />
    <property name="os.version" value="10.14" />
    <property name="temp.dir" value="/Users/andrea/Desktop/Distributed II/Assignments/assignment1-dp2/temp656716860" />
    <property name="ant.file.RNS-1" value="/Users/andrea/Desktop/Distributed II/Assignments/assignment1-dp2/build.xml" />
    <property name="path.separator" value=":" />
    <property name="RnsInfo.RnsReaderFactory" value="it.polito.dp2.RNS.Random.RnsReaderFactoryImpl" />
    <property name="java.vm.version" value="25.121-b13" />
    <property name="ant.library.dir" value="/Applications/IntelliJ IDEA.app/Contents/lib/ant/lib" />
    <property name="java.awt.printerjob" value="sun.lwawt.macosx.CPrinterJob" />
    <property name="sun.io.unicode.encoding" value="UnicodeBig" />
    <property name="awt.toolkit" value="sun.lwawt.macosx.LWCToolkit" />
    <property name="testcase" value="0" />
    <property name="socksNonProxyHosts" value="local|*.local|169.254/16|*.169.254/16" />
    <property name="ftp.nonProxyHosts" value="local|*.local|169.254/16|*.169.254/16" />
    <property name="user.home" value="/Users/andrea" />
    <property name="target" value="1.8" />
    <property name="java.specification.vendor" value="Oracle Corporation" />
    <property name="java.library.path" value="/Users/andrea/Library/Java/Extensions:/Library/Java/Extensions:/Network/Library/Java/Extensions:/System/Library/Java/Extensions:/usr/lib/java:." />
    <property name="java.vendor.url" value="http://java.oracle.com/" />
    <property name="java.vm.vendor" value="Oracle Corporation" />
    <property name="gopherProxySet" value="false" />
    <property name="java.runtime.name" value="Java(TM) SE Runtime Environment" />
    <property name="sun.java.command" value="org.apache.tools.ant.taskdefs.optional.junit.JUnitTestRunner it.polito.dp2.RNS.lab1.tests.RnsTests skipNonTests=false filtertrace=true haltOnError=false haltOnFailure=false formatter=org.apache.tools.ant.taskdefs.optional.junit.SummaryJUnitResultFormatter showoutput=false outputtoformatters=true logfailedtests=true threadid=0 logtestlistenerevents=false formatter=org.apache.tools.ant.taskdefs.optional.junit.XMLJUnitResultFormatter,/Users/andrea/Desktop/Distributed II/Assignments/assignment1-dp2/testout.xml formatter=org.apache.tools.ant.taskdefs.optional.junit.PlainJUnitResultFormatter crashfile=/Users/andrea/Desktop/Distributed II/Assignments/assignment1-dp2/junitvmwatcher1220015481515335296.properties propsfile=/Users/andrea/Desktop/Distributed II/Assignments/assignment1-dp2/junit4008952059770970020.properties" />
    <property name="java.class.path" value="/Users/andrea/Desktop/Distributed II/Assignments/assignment1-dp2/lib/RNS.jar:/Users/andrea/Desktop/Distributed II/Assignments/assignment1-dp2/lib/RNSRandom.jar:/Users/andrea/Desktop/Distributed II/Assignments/assignment1-dp2/build:/Users/andrea/Desktop/Distributed II/Assignments/assignment1-dp2/lib/lab1.jar:/Users/andrea/Desktop/Distributed II/Assignments/assignment1-dp2/lib/junit-4.12.jar:/Users/andrea/Desktop/Distributed II/Assignments/assignment1-dp2/lib/hamcrest-core-1.3.jar:/Applications/IntelliJ IDEA.app/Contents/lib/ant/lib/ant-launcher.jar:/Applications/IntelliJ IDEA.app/Contents/lib/ant/lib/ant.jar:/Applications/IntelliJ IDEA.app/Contents/lib/ant/lib/ant-junit.jar:/Applications/IntelliJ IDEA.app/Contents/lib/ant/lib/ant-junit4.jar" />
    <property name="ant.version" value="Apache Ant(TM) version 1.9.4 compiled on April 29 2014" />
    <property name="TSTAMP" value="2256" />
    <property name="test.class" value="it.polito.dp2.RNS.lab1.tests.RnsTests" />
    <property name="java.vm.specification.name" value="Java Virtual Machine Specification" />
    <property name="ant.file.type" value="file" />
    <property name="java.vm.specification.version" value="1.8" />
    <property name="sun.os.patch.level" value="unknown" />
    <property name="sun.cpu.endian" value="little" />
    <property name="debuglevel" value="source,lines,vars" />
    <property name="java.io.tmpdir" value="/var/folders/2p/1rt6r29x0dd7cjssl3mlk6l00000gn/T/" />
    <property name="java.vendor.url.bug" value="http://bugreport.sun.com/bugreport/" />
    <property name="temp.xmlfile" value="/Users/andrea/Desktop/Distributed II/Assignments/assignment1-dp2/temp656716860/out1929127936.xml" />
    <property name="java.awt.graphicsenv" value="sun.awt.CGraphicsEnvironment" />
    <property name="os.arch" value="x86_64" />
    <property name="it.polito.dp2.RNS.Random.testcase" value="0" />
    <property name="java.ext.dirs" value="/Users/andrea/Library/Java/Extensions:/Library/Java/JavaVirtualMachines/jdk1.8.0_121.jdk/Contents/Home/jre/lib/ext:/Library/Java/Extensions:/Network/Library/Java/Extensions:/System/Library/Java/Extensions:/usr/lib/java" />
    <property name="user.dir" value="/Users/andrea/Desktop/Distributed II/Assignments/assignment1-dp2/temp656716860" />
    <property name="line.separator" value="&#xa;" />
    <property name="java.vm.name" value="Java HotSpot(TM) 64-Bit Server VM" />
    <property name="basedir" value="/Users/andrea/Desktop/Distributed II/Assignments/assignment1-dp2" />
    <property name="ant.java.version" value="1.8" />
    <property name="ant.core.lib" value="/Applications/IntelliJ IDEA.app/Contents/lib/ant/lib/ant.jar" />
    <property name="schema.dir" value="/Users/andrea/Desktop/Distributed II/Assignments/assignment1-dp2/xsd" />
    <property name="source" value="1.8" />
    <property name="file.encoding" value="UTF-8" />
    <property name="seed" value="1225608" />
    <property name="it.polito.dp2.RNS.sol1.RnsInfo.file" value="/Users/andrea/Desktop/Distributed II/Assignments/assignment1-dp2/temp656716860/out1929127936.xml" />
    <property name="java.specification.version" value="1.8" />
    <property name="lab1.location" value="/Users/andrea/Desktop/Distributed II/Assignments/assignment1-dp2" />
    <property name="src.dir" value="/Users/andrea/Desktop/Distributed II/Assignments/assignment1-dp2/src" />
    <property name="ant.project.invoked-targets" value="runFuncTest.real" />
  </properties>
  <testcase classname="it.polito.dp2.RNS.lab1.tests.RnsTests" name="testGetGates" time="0.019">
    <failure message="Could not run tests: the implementation under test generated a null RnsReader" type="junit.framework.AssertionFailedError">junit.framework.AssertionFailedError: Could not run tests: the implementation under test generated a null RnsReader
	at it.polito.dp2.RNS.lab1.tests.RnsTests.setUp(RnsTests.java:125)
</failure>
  </testcase>
  <testcase classname="it.polito.dp2.RNS.lab1.tests.RnsTests" name="testGetVehicles" time="0.001">
    <failure message="Could not run tests: the implementation under test generated a null RnsReader" type="junit.framework.AssertionFailedError">junit.framework.AssertionFailedError: Could not run tests: the implementation under test generated a null RnsReader
	at it.polito.dp2.RNS.lab1.tests.RnsTests.setUp(RnsTests.java:125)
</failure>
  </testcase>
  <testcase classname="it.polito.dp2.RNS.lab1.tests.RnsTests" name="testGetParkingAreas" time="0.001">
    <failure message="Could not run tests: the implementation under test generated a null RnsReader" type="junit.framework.AssertionFailedError">junit.framework.AssertionFailedError: Could not run tests: the implementation under test generated a null RnsReader
	at it.polito.dp2.RNS.lab1.tests.RnsTests.setUp(RnsTests.java:125)
</failure>
  </testcase>
  <testcase classname="it.polito.dp2.RNS.lab1.tests.RnsTests" name="testGetRoadSegments" time="0.001">
    <failure message="Could not run tests: the implementation under test generated a null RnsReader" type="junit.framework.AssertionFailedError">junit.framework.AssertionFailedError: Could not run tests: the implementation under test generated a null RnsReader
	at it.polito.dp2.RNS.lab1.tests.RnsTests.setUp(RnsTests.java:125)
</failure>
  </testcase>
  <testcase classname="it.polito.dp2.RNS.lab1.tests.RnsTests" name="testGetPlaces" time="0.001">
    <failure message="Could not run tests: the implementation under test generated a null RnsReader" type="junit.framework.AssertionFailedError">junit.framework.AssertionFailedError: Could not run tests: the implementation under test generated a null RnsReader
	at it.polito.dp2.RNS.lab1.tests.RnsTests.setUp(RnsTests.java:125)
</failure>
  </testcase>
  <system-out><![CDATA[Random RnsReader: Using seed: 1225608
Random RnsReader: Test case: 0
]]></system-out>
  <system-err><![CDATA[]]></system-err>
</testsuite>
